<?xml version="1.0" encoding="UTF-8"?>
<!-- Generated by org.testng.reporters.JUnitReportReporter -->
<testsuite hostname="Admin" name="MoneyControlRunner.Runner" tests="1" failures="0" timestamp="6 Jan 2019 04:56:33 GMT" time="70.610" errors="0">
  <testcase name="feature" time="70.610" classname="MoneyControlRunner.Runner"/>
</testsuite> <!-- MoneyControlRunner.Runner -->
